[ 2016-07-04T09:33:24+08:00 ] ::1 /ynzy/Manage/index.php/Admin/Gift/giftshop
ERR: SQLSTATE[42S02]: Base table or view not found: 1146 Table 'ynzy.yn_gift' doesn't exist

[ 2016-07-04T09:33:33+08:00 ] ::1 /ynzy/Manage/index.php/Admin/Gift/giftshop
ERR: SQLSTATE[42S02]: Base table or view not found: 1146 Table 'ynzy.yn_gift' doesn't exist

[ 2016-07-04T09:35:08+08:00 ] ::1 /ynzy/Manage/index.php/Admin/Gift/giftshop
ERR: SQLSTATE[42S02]: Base table or view not found: 1146 Table 'ynzy.yn_gift' doesn't exist

[ 2016-07-04T09:35:10+08:00 ] ::1 /ynzy/Manage/index.php/Admin/Index/welcome.html
ERR: 非法操作:welcome

[ 2016-07-04T09:35:11+08:00 ] ::1 /ynzy/Manage/index.php/Admin/Index/welcome.html
ERR: 非法操作:welcome

[ 2016-07-04T09:35:13+08:00 ] ::1 /ynzy/Manage/index.php/Admin/Index/welcome.html
ERR: 非法操作:welcome

[ 2016-07-04T09:35:14+08:00 ] ::1 /ynzy/Manage/index.php/Admin/Index/welcome.html
ERR: 非法操作:welcome

[ 2016-07-04T09:35:15+08:00 ] ::1 /ynzy/Manage/index.php/Admin/Index/welcome.html
ERR: 非法操作:welcome

[ 2016-07-04T14:08:27+08:00 ] ::1 /ynzy/Manage/index.php/Admin/Gift/giftshop
ERR: SQLSTATE[42S02]: Base table or view not found: 1146 Table 'ynzy.yn_gift' doesn't exist

[ 2016-07-04T14:08:28+08:00 ] ::1 /ynzy/Manage/index.php/Admin/Index/welcome.html
ERR: 非法操作:welcome

[ 2016-07-04T14:08:28+08:00 ] ::1 /ynzy/Manage/index.php/Admin/Index/welcome.html
ERR: 非法操作:welcome

[ 2016-07-04T14:08:30+08:00 ] ::1 /ynzy/Manage/index.php/Admin/Index/welcome.html
ERR: 非法操作:welcome

[ 2016-07-04T14:08:31+08:00 ] ::1 /ynzy/Manage/index.php/Admin/Index/welcome.html
ERR: 非法操作:welcome

[ 2016-07-04T14:08:32+08:00 ] ::1 /ynzy/Manage/index.php/Admin/Gift/giftshop
ERR: SQLSTATE[42S02]: Base table or view not found: 1146 Table 'ynzy.yn_gift' doesn't exist

[ 2016-07-04T14:58:40+08:00 ] 127.0.0.1 /ynzy/Manage/index.php/Admin/Gift/giftshop
ERR: SQLSTATE[42S02]: Base table or view not found: 1146 Table 'ynzy.yn_gift' doesn't exist

[ 2016-07-04T14:58:42+08:00 ] 127.0.0.1 /ynzy/Manage/index.php/Admin/Index/welcome.html
ERR: 非法操作:welcome

[ 2016-07-04T14:58:42+08:00 ] 127.0.0.1 /ynzy/Manage/index.php/Admin/Index/welcome.html
ERR: 非法操作:welcome

[ 2016-07-04T15:04:06+08:00 ] 127.0.0.1 /ynzy/Manage/index.php/Admin/Gift/giftshop
ERR: SQLSTATE[42S02]: Base table or view not found: 1146 Table 'ynzy.yn_gift' doesn't exist

