[ 2016-07-01T14:39:41+08:00 ] ::1 /ynzy/Manage/index.php/Admin/Index/right.html
ERR: SQLSTATE[42S22]: Column not found: 1054 Unknown column 'shop_id' in 'field list'

[ 2016-07-01T14:40:36+08:00 ] ::1 /ynzy/Manage/index.php/Admin/Shop/shop
ERR: SQLSTATE[42S22]: Column not found: 1054 Unknown column 'shop_id' in 'order clause'

[ 2016-07-01T14:40:38+08:00 ] ::1 /ynzy/Manage/index.php/Admin/Shop/register
ERR: 非法操作:register

[ 2016-07-01T14:40:40+08:00 ] ::1 /ynzy/Manage/index.php/Admin/Shop/shop
ERR: SQLSTATE[42S22]: Column not found: 1054 Unknown column 'shop_id' in 'order clause'

[ 2016-07-01T14:41:18+08:00 ] ::1 /ynzy/Manage/index.php/Admin/Index/right.html
ERR: SQLSTATE[42S22]: Column not found: 1054 Unknown column 'shop_id' in 'field list'

[ 2016-07-01T14:42:40+08:00 ] ::1 /ynzy/Manage/index.php/Admin/Index/right.html
ERR: SQLSTATE[42S22]: Column not found: 1054 Unknown column 'shop_id' in 'field list'

[ 2016-07-01T14:42:52+08:00 ] ::1 /ynzy/Manage/index.php/Admin/Shop/shop
ERR: SQLSTATE[42S22]: Column not found: 1054 Unknown column 'shop_id' in 'order clause'

[ 2016-07-01T14:44:22+08:00 ] ::1 /ynzy/Manage/index.php/Admin/Index/right.html
ERR: SQLSTATE[42S22]: Column not found: 1054 Unknown column 'shop_id' in 'field list'

[ 2016-07-01T14:46:49+08:00 ] ::1 /ynzy/Manage/index.php/Admin/Index/right.html
ERR: SQLSTATE[42S22]: Column not found: 1054 Unknown column 'shop_id' in 'field list'

[ 2016-07-01T14:46:56+08:00 ] ::1 /ynzy/Manage/index.php/Admin/Shop/shop
ERR: SQLSTATE[42S22]: Column not found: 1054 Unknown column 'shop_id' in 'order clause'

[ 2016-07-01T14:46:59+08:00 ] ::1 /ynzy/Manage/index.php/Admin/Shop/shop
ERR: SQLSTATE[42S22]: Column not found: 1054 Unknown column 'shop_id' in 'order clause'

[ 2016-07-01T14:47:02+08:00 ] ::1 /ynzy/Manage/index.php/Admin/Shop/shop
ERR: SQLSTATE[42S22]: Column not found: 1054 Unknown column 'shop_id' in 'order clause'

[ 2016-07-01T14:49:58+08:00 ] ::1 /ynzy/Manage/index.php/Admin/Index/right.html
ERR: SQLSTATE[42S22]: Column not found: 1054 Unknown column 'shop_id' in 'field list'

[ 2016-07-01T14:50:01+08:00 ] ::1 /ynzy/Manage/index.php/Admin/Shop/shop
ERR: SQLSTATE[42S22]: Column not found: 1054 Unknown column 'shop_id' in 'order clause'

[ 2016-07-01T14:50:02+08:00 ] ::1 /ynzy/Manage/index.php/Admin/Shop/shop
ERR: SQLSTATE[42S22]: Column not found: 1054 Unknown column 'shop_id' in 'order clause'

[ 2016-07-01T14:50:09+08:00 ] ::1 /ynzy/Manage/index.php/Admin/Index/right.html
ERR: SQLSTATE[42S22]: Column not found: 1054 Unknown column 'shop_id' in 'field list'

[ 2016-07-01T14:50:19+08:00 ] ::1 /ynzy/Manage/index.php/Admin/Index/right.html
ERR: SQLSTATE[42S22]: Column not found: 1054 Unknown column 'shop_id' in 'field list'

[ 2016-07-01T14:53:35+08:00 ] ::1 /ynzy/Manage/index.php/Admin/Index/right.html
ERR: SQLSTATE[42S22]: Column not found: 1054 Unknown column 'shop_id' in 'field list'

[ 2016-07-01T15:02:49+08:00 ] ::1 /ynzy/Manage/index.php/Admin/Shop/register
ERR: 非法操作:register

